<component name="ProjectRunConfigurationManager">
  <configuration default="false" name="JUnit: Run @this" type="JUnit" factoryName="JUnit">
    <module name="push-pull-notifications-acceptance-tests.test" />
    <option name="PACKAGE_NAME" value="" />
    <option name="MAIN_CLASS_NAME" value="RunTests" />
    <option name="METHOD_NAME" value="" />
    <option name="TEST_OBJECT" value="class" />
    <option name="VM_PARAMETERS" value="-ea -Dcucumber.filter.tags=&quot;@this&quot; -Denvironment=qa" />
    <method v="2">
      <option name="Make" enabled="true" />
    </method>
  </configuration>
</component>